[2026-07-02 16:09:21.528] [info] Using configuration file /home/meng/.config/waybar/config
[2026-07-02 16:09:21.528] [info] Including resource file: ~/.config/waybar/modules.json
[2026-07-02 16:09:21.536] [info] Discovered appearance 'dark'
[2026-07-02 16:09:21.559] [info] Using CSS file /home/meng/.config/waybar/style.css
[2026-07-02 16:09:21.569] [info] Hyprland IPC starting
[2026-07-02 16:09:21.570] [info] Loading persistent workspaces from Waybar config
[2026-07-02 16:09:21.570] [info] Loading persistent workspaces from Hyprland workspace rules

** (waybar:7170): WARNING **: 16:09:21.781: Status Notifier Item with bus name ':1.36' and object path '/org/ayatana/NotificationItem/nm_applet' is already registered
Plugged
[2026-07-02 16:09:21.910] [info] Bar configured (width: 1920, height: 38) for output: eDP-1

** (waybar:7170): WARNING **: 16:09:22.077: Status Notifier Item with bus name ':1.36' and object path '/org/ayatana/NotificationItem/nm_applet' is already registered

** (waybar:7170): WARNING **: 16:09:22.734: Status Notifier Item with bus name ':1.36' and object path '/org/ayatana/NotificationItem/nm_applet' is already registered
Failed to open theme: <i>/home/meng/.cache/hyprland-dotfiles/current_wallpaper.rasi</i>
Error: <b>No such file or directory</b>
Validating the theme failed: the variable 'border-radius' in `window { border-radius: var(border-radius);}` failed to resolve.
Validating the theme failed: the variable 'border-width' in `window { border: var(border-width);}` failed to resolve.
Validating the theme failed: the variable 'current-image' in `mainbox { background-image: var(current-image);}` failed to resolve.
No running instances for "/home/meng/.config/quickshell/shell.qml"
No running instances for "/home/meng/.config/quickshell/shell.qml"
[2026-07-02 16:11:59.579] [info] Using configuration file /home/meng/.config/waybar/config
[2026-07-02 16:11:59.579] [info] Including resource file: ~/.config/waybar/modules.json
[2026-07-02 16:11:59.586] [info] Discovered appearance 'dark'
[2026-07-02 16:11:59.613] [info] Using CSS file /home/meng/.config/waybar/style.css
[2026-07-02 16:11:59.623] [info] Hyprland IPC starting
[2026-07-02 16:11:59.624] [info] Loading persistent workspaces from Waybar config
[2026-07-02 16:11:59.624] [info] Loading persistent workspaces from Hyprland workspace rules

** (waybar:7943): WARNING **: 16:11:59.899: Status Notifier Item with bus name ':1.36' and object path '/org/ayatana/NotificationItem/nm_applet' is already registered
Plugged
[2026-07-02 16:11:59.963] [info] Bar configured (width: 1920, height: 38) for output: eDP-1

** (waybar:7943): WARNING **: 16:12:00.076: Status Notifier Item with bus name ':1.36' and object path '/org/ayatana/NotificationItem/nm_applet' is already registered

** (waybar:7943): WARNING **: 16:12:00.725: Status Notifier Item with bus name ':1.36' and object path '/org/ayatana/NotificationItem/nm_applet' is already registered
No running instances for "/home/meng/.config/quickshell/shell.qml"
No running instances for "/home/meng/.config/quickshell/shell.qml"
No running instances for "/home/meng/.config/quickshell/shell.qml"
No running instances for "/home/meng/.config/quickshell/shell.qml"
[2026-07-02 16:15:03.499] [info] Using configuration file /home/meng/.config/waybar/config
[2026-07-02 16:15:03.499] [info] Including resource file: ~/.config/waybar/modules.json
[2026-07-02 16:15:03.506] [info] Discovered appearance 'dark'
[2026-07-02 16:15:03.530] [info] Using CSS file /home/meng/.config/waybar/style.css
[2026-07-02 16:15:03.540] [info] Hyprland IPC starting
[2026-07-02 16:15:03.541] [info] Loading persistent workspaces from Waybar config
[2026-07-02 16:15:03.541] [info] Loading persistent workspaces from Hyprland workspace rules
Plugged
[2026-07-02 16:15:03.817] [info] Bar configured (width: 1920, height: 38) for output: eDP-1
[2026-07-02 16:15:03.817] [error] Item '': No icon name or pixmap given.
[2026-07-02 16:15:03.888] [error] Item '': No icon name or pixmap given.
[2026-07-02 16:15:03.888] [error] Item '': No icon name or pixmap given.

** (waybar:9621): WARNING **: 16:15:03.907: Status Notifier Item with bus name ':1.36' and object path '/org/ayatana/NotificationItem/nm_applet' is already registered

** (waybar:9621): WARNING **: 16:15:04.075: Status Notifier Item with bus name ':1.36' and object path '/org/ayatana/NotificationItem/nm_applet' is already registered

** (waybar:9621): WARNING **: 16:15:04.736: Status Notifier Item with bus name ':1.36' and object path '/org/ayatana/NotificationItem/nm_applet' is already registered
[2026-07-02 16:17:06.062] [info] Using configuration file /home/meng/.config/waybar/config
[2026-07-02 16:17:06.062] [info] Including resource file: ~/.config/waybar/modules.json
[2026-07-02 16:17:06.070] [info] Discovered appearance 'dark'
[2026-07-02 16:17:06.094] [info] Using CSS file /home/meng/.config/waybar/style.css
[2026-07-02 16:17:06.103] [info] Hyprland IPC starting
[2026-07-02 16:17:06.104] [info] Loading persistent workspaces from Waybar config
[2026-07-02 16:17:06.104] [info] Loading persistent workspaces from Hyprland workspace rules
[2026-07-02 16:17:06.196] [error] clock: chrono format error: invalid  specifier in chrono-specs

** (waybar:10119): WARNING **: 16:17:06.366: Status Notifier Item with bus name ':1.36' and object path '/org/ayatana/NotificationItem/nm_applet' is already registered
Plugged
[2026-07-02 16:17:06.412] [info] Bar configured (width: 1920, height: 38) for output: eDP-1

** (waybar:10119): WARNING **: 16:17:06.576: Status Notifier Item with bus name ':1.36' and object path '/org/ayatana/NotificationItem/nm_applet' is already registered

** (waybar:10119): WARNING **: 16:17:07.671: Status Notifier Item with bus name ':1.36' and object path '/org/ayatana/NotificationItem/nm_applet' is already registered
[2026-07-02 16:17:15.064] [info] Using configuration file /home/meng/.config/waybar/config
[2026-07-02 16:17:15.064] [info] Including resource file: ~/.config/waybar/modules.json
[2026-07-02 16:17:15.070] [info] Discovered appearance 'dark'
[2026-07-02 16:17:15.093] [info] Using CSS file /home/meng/.config/waybar/style.css
[2026-07-02 16:17:15.104] [info] Hyprland IPC starting
[2026-07-02 16:17:15.105] [info] Loading persistent workspaces from Waybar config
[2026-07-02 16:17:15.105] [info] Loading persistent workspaces from Hyprland workspace rules
[2026-07-02 16:17:15.194] [error] clock: chrono format error: invalid  specifier in chrono-specs
Plugged
[2026-07-02 16:17:15.359] [info] Bar configured (width: 1920, height: 38) for output: eDP-1
[2026-07-02 16:17:15.360] [error] Item '': No icon name or pixmap given.
[2026-07-02 16:17:15.415] [error] Item '': No icon name or pixmap given.
[2026-07-02 16:17:15.415] [error] Item '': No icon name or pixmap given.

** (waybar:10397): WARNING **: 16:17:15.446: Status Notifier Item with bus name ':1.36' and object path '/org/ayatana/NotificationItem/nm_applet' is already registered

** (waybar:10397): WARNING **: 16:17:15.574: Status Notifier Item with bus name ':1.36' and object path '/org/ayatana/NotificationItem/nm_applet' is already registered

** (waybar:10397): WARNING **: 16:17:16.714: Status Notifier Item with bus name ':1.36' and object path '/org/ayatana/NotificationItem/nm_applet' is already registered
wc: write error: Broken pipe
Plugged
Plugged
Plugged
Plugged
Plugged
Plugged
Plugged
Plugged
Plugged
Plugged
Plugged
Plugged
Plugged
Plugged
Plugged
Plugged
Plugged
Plugged
Plugged
Plugged
Plugged
Plugged
Plugged
Plugged
Plugged
Plugged
Plugged
Plugged
Plugged
Plugged
Plugged
Plugged
Plugged
Plugged
Plugged
Plugged
Plugged
Plugged
Plugged
Plugged
Plugged
Plugged
Plugged
Plugged
[2026-07-02 16:18:00.000] [error] clock: chrono format error: invalid  specifier in chrono-specs
[2026-07-02 16:18:03.150] [info] Using configuration file /home/meng/.config/waybar/config
[2026-07-02 16:18:03.150] [info] Including resource file: ~/.config/waybar/modules.json
[2026-07-02 16:18:03.157] [info] Discovered appearance 'dark'
[2026-07-02 16:18:03.180] [info] Using CSS file /home/meng/.config/waybar/style.css
[2026-07-02 16:18:03.190] [info] Hyprland IPC starting
[2026-07-02 16:18:03.191] [info] Loading persistent workspaces from Waybar config
[2026-07-02 16:18:03.191] [info] Loading persistent workspaces from Hyprland workspace rules

** (waybar:10877): WARNING **: 16:18:03.423: Status Notifier Item with bus name ':1.36' and object path '/org/ayatana/NotificationItem/nm_applet' is already registered
Plugged
[2026-07-02 16:18:03.554] [info] Bar configured (width: 1920, height: 38) for output: eDP-1

** (waybar:10877): WARNING **: 16:18:03.602: Status Notifier Item with bus name ':1.36' and object path '/org/ayatana/NotificationItem/nm_applet' is already registered

** (waybar:10877): WARNING **: 16:18:04.736: Status Notifier Item with bus name ':1.36' and object path '/org/ayatana/NotificationItem/nm_applet' is already registered
Failed to open theme: <i>/home/meng/.cache/hyprland-dotfiles/current_wallpaper.rasi</i>
Error: <b>No such file or directory</b>
Validating the theme failed: the variable 'border-width' in `window { border: var(border-width);}` failed to resolve.
Validating the theme failed: the variable 'border-radius' in `window { border-radius: var(border-radius);}` failed to resolve.
Validating the theme failed: the variable 'current-image' in `mainbox { background-image: var(current-image);}` failed to resolve.
extracting id: input not prefixed with id

(waybar:10877): LIBDBUSMENU-GLIB-WARNING **: 16:20:01.676: Unable to replace properties on 0: Error getting properties for ID

(waybar:10877): LIBDBUSMENU-GLIB-WARNING **: 16:20:01.776: Unable to replace properties on 0: Error getting properties for ID

(waybar:10877): LIBDBUSMENU-GLIB-WARNING **: 16:20:02.778: Unable to replace properties on 0: Error getting properties for ID

(waybar:10877): LIBDBUSMENU-GLIB-WARNING **: 16:20:02.879: Unable to replace properties on 0: Error getting properties for ID

(waybar:10877): LIBDBUSMENU-GLIB-WARNING **: 16:20:02.978: Unable to replace properties on 0: Error getting properties for ID

(waybar:10877): LIBDBUSMENU-GLIB-WARNING **: 16:20:03.078: Unable to replace properties on 0: Error getting properties for ID
Plugged
Plugged
Plugged
Plugged
Plugged
Plugged
Plugged
Plugged
Plugged
Plugged
Plugged
Plugged
Plugged
Plugged
Plugged
Plugged
Plugged
Plugged
Plugged
Plugged
Plugged
Plugged
Plugged
Plugged
Plugged
Plugged
Plugged
Plugged
Plugged
Plugged
Plugged
Plugged
Plugged
Plugged
Plugged
Plugged
Plugged
Plugged
Plugged
Plugged
Plugged
Plugged
Plugged
Plugged
Plugged
Plugged
Plugged
Plugged
Plugged
Plugged
Plugged
Plugged
Plugged
Plugged
Plugged
Plugged
Plugged
Plugged
Plugged
Plugged
Plugged
Plugged
Plugged
Plugged
Plugged
Plugged
Plugged
Plugged
Plugged
Plugged
Plugged
Plugged
Plugged
Plugged
Plugged
Plugged
Plugged
Plugged
Plugged
Plugged
Plugged
Plugged
Plugged
Plugged
Plugged
Plugged
Plugged
Plugged
Plugged
Plugged
Plugged
Plugged
Plugged
Plugged
Plugged
Plugged
Plugged
Plugged
Plugged
Plugged
Plugged
Plugged
Plugged
Plugged
Plugged
Plugged
Plugged
Plugged
Plugged
Plugged
Plugged
Plugged
Plugged
Plugged
Plugged
Plugged
Plugged
Plugged
Plugged
Plugged
Plugged
Plugged
Plugged
Plugged
Plugged
Plugged
Plugged
Plugged
Plugged
Plugged
Plugged
Plugged
Plugged
Plugged
Plugged
[2026-07-02 16:20:05.491] [error] network: argument not found
Plugged
Plugged
Plugged
Plugged
Plugged
Plugged
Plugged
Plugged
Plugged
Plugged
Plugged
Plugged
Plugged
Plugged
Plugged
Plugged
Plugged
Plugged
Plugged
Plugged
Plugged
Plugged
Plugged
Plugged
Plugged
Plugged
Plugged
Plugged
Plugged
Plugged
Plugged
Plugged
Plugged
Plugged
Plugged
Plugged
Plugged
Plugged
Plugged
Plugged
Plugged
Plugged
Plugged
Plugged
Plugged
Plugged
Plugged
Plugged
Plugged
Plugged
Plugged
Plugged
Plugged
Plugged
Plugged
Plugged
Plugged
Plugged
Plugged
Plugged
Plugged
Plugged
Plugged
Plugged
Plugged
Plugged
Plugged
Plugged
Plugged
Plugged
Plugged
Plugged
Plugged
Plugged
Plugged
Plugged
Plugged
Plugged
Plugged
Plugged
Plugged
Plugged
Plugged
Plugged
Plugged
Plugged
Plugged
Plugged
Plugged
Plugged
Plugged
Plugged
Plugged
Plugged
Plugged
Plugged
Plugged
Plugged
Plugged
Plugged
[2026-07-02 16:21:33.345] [info] Hyprland config reloaded, reinitializing hyprland/workspaces module...
[2026-07-02 16:21:33.347] [info] Loading persistent workspaces from Waybar config
[2026-07-02 16:21:33.347] [info] Loading persistent workspaces from Hyprland workspace rules
No running instances for "/home/meng/.config/quickshell/shell.qml"
No running instances for "/home/meng/.config/quickshell/shell.qml"
Plugged
Plugged
Plugged
Plugged
Plugged
Plugged
Plugged
Plugged
Plugged
Plugged
Plugged
Plugged
Plugged
Plugged
Plugged
Plugged
Plugged
Plugged
Plugged
Plugged
Plugged
Plugged
Plugged
Plugged
Plugged
Plugged
Plugged
Plugged
Plugged
Plugged
Plugged
Plugged
Plugged
Plugged
Plugged
Plugged
Plugged
Plugged
Plugged
Plugged
Plugged
Plugged
Plugged
Plugged
Plugged
Plugged
Plugged
Plugged
Plugged
Plugged
Plugged
Plugged
Plugged
Plugged
Plugged
Plugged
Plugged
Plugged
Plugged
Plugged
Plugged
Plugged
Plugged
Plugged
Plugged
Plugged
Plugged
Plugged
Plugged
Plugged
Plugged
Plugged
Plugged
Plugged
Plugged
Plugged
Plugged
Plugged
Plugged
Plugged
Plugged
Plugged
Plugged
Plugged
Plugged
Plugged
Plugged
Plugged
Plugged
Plugged
Plugged
Plugged
Plugged
[2026-07-02 16:23:07.246] [info] Hyprland config reloaded, reinitializing hyprland/workspaces module...
[2026-07-02 16:23:07.249] [info] Loading persistent workspaces from Waybar config
[2026-07-02 16:23:07.249] [info] Loading persistent workspaces from Hyprland workspace rules
Plugged
Plugged
Plugged
Plugged
Plugged
Plugged
Plugged
Plugged
Plugged
Plugged
Plugged
Plugged
Plugged
Plugged
Plugged
Plugged
Plugged
Plugged
Plugged
Plugged
Plugged
Plugged
Plugged
Plugged
Plugged
Plugged
Plugged
Plugged
Plugged
Plugged
Plugged
Plugged
Plugged
Plugged
Plugged
Plugged
Plugged
Plugged
Plugged
Plugged
Plugged
Plugged
Plugged
Plugged
Plugged
Plugged
Plugged
Plugged
Plugged
Plugged
Plugged
Plugged
Plugged
Plugged
Plugged
Plugged
Plugged
Plugged
Plugged
Plugged
Plugged
Plugged
Plugged
Plugged
Plugged
Plugged
Plugged
Plugged
Plugged
Plugged
Plugged
Plugged
Plugged
Plugged
Plugged
Plugged
Plugged
Plugged
Plugged
Plugged
Plugged
Plugged
Plugged
Plugged
Plugged
Plugged
Plugged
Plugged
Plugged
Plugged
Plugged
Plugged
Plugged
Plugged
Plugged
Plugged
Plugged
Plugged
Plugged
Plugged
Plugged
Plugged
Plugged
Plugged
Plugged
Plugged
Plugged
Plugged
Plugged
Plugged
Plugged
Plugged
Plugged
Plugged
Plugged
Plugged
Plugged
Plugged
Plugged
Plugged
Plugged
Plugged
Plugged
Plugged
Plugged
Plugged
Plugged
Plugged
Plugged
Plugged
Plugged
Plugged
Plugged
Plugged
Plugged
Plugged
Plugged
Plugged
Plugged
Plugged
Plugged
Plugged
Plugged
Plugged
Plugged
Plugged
Plugged
Plugged
Plugged
Plugged
Plugged
Plugged
Plugged
Plugged
Plugged
Plugged
Plugged
Plugged
Plugged
Plugged
Plugged
Plugged
Plugged
Plugged
Plugged
Plugged
Plugged
Plugged
Plugged
Plugged
Plugged
Plugged
Plugged
Plugged
Plugged
Plugged
Plugged
Plugged
Plugged
Plugged
Plugged
Plugged
Plugged
Plugged
Plugged
Plugged
Plugged
Plugged
Plugged
Plugged
Plugged
Plugged
Plugged
Plugged
Plugged
Plugged
Plugged
Plugged
Plugged
Plugged
Plugged
Plugged
Plugged
Plugged
Plugged
Plugged
Plugged
Plugged
Plugged
Plugged
Plugged
Plugged
Plugged
Plugged
Plugged
Plugged
Plugged
Plugged
Plugged
Plugged
Plugged
Plugged
Plugged
Plugged
Plugged
Plugged
Plugged
Plugged
Plugged
Plugged
Plugged
Plugged
Plugged
Plugged
Plugged
Plugged
Plugged
Plugged
Plugged
Plugged
Plugged
Plugged
Plugged
Plugged
Plugged
Plugged
Plugged
Plugged
Plugged
Plugged
Plugged
Plugged
Plugged
Plugged
Plugged
Plugged
Plugged
Plugged
Plugged
Plugged
Plugged
Plugged
Plugged
Plugged
Plugged
Plugged
Plugged
Plugged
Plugged
Plugged
Plugged
Plugged
Plugged
Plugged
Plugged
Plugged
Plugged
Plugged
Plugged
Plugged
Plugged
Plugged
Plugged
Plugged
Plugged
Plugged
Plugged
Plugged
Plugged
Plugged
Plugged
Plugged
Plugged
Plugged
Plugged
Plugged
Plugged
Plugged
Plugged
Plugged
Plugged
Plugged
Plugged
Plugged
Plugged
Plugged
Plugged
Plugged
Plugged
Plugged
Plugged
Plugged
Plugged
Plugged
Plugged
Plugged
Plugged
Plugged
Plugged
Plugged
Plugged
Plugged
Plugged
Plugged
Plugged
Plugged
Plugged
Plugged
Plugged
Plugged
Plugged
Plugged
Plugged
Plugged
Plugged
Plugged
Plugged
Plugged
Plugged
Plugged
Plugged
Plugged
Plugged
Plugged
Plugged
Plugged
Plugged
Plugged
Plugged
Plugged
Plugged
Plugged
Plugged
Plugged
Plugged
Plugged
Plugged
Plugged
Plugged
Plugged
Plugged
Plugged
Plugged
Plugged
Plugged
Plugged
Plugged
Plugged
Plugged
Plugged
Plugged
Plugged
Plugged
Plugged
Plugged
Plugged
Plugged
Plugged
Plugged
Plugged
Plugged
Plugged
Plugged
Plugged
Plugged
Plugged
Plugged
Plugged
Plugged
Plugged
Plugged
Plugged
Plugged
Plugged
Plugged
Plugged
Plugged
Plugged
Plugged
Plugged
Plugged
Plugged
Plugged
Plugged
Plugged
Plugged
Plugged
Plugged
Plugged
Plugged
Plugged
Plugged
Plugged
Plugged
Plugged
Plugged
Plugged
Plugged
Plugged
Plugged
Plugged
Plugged
Plugged
Plugged
Plugged
Plugged
Plugged
Plugged
Plugged
Plugged
Plugged
Plugged
Plugged
Plugged
Plugged
Plugged
Plugged
Plugged
Plugged
Plugged
Plugged
Plugged
Plugged
Plugged
Plugged
Plugged
Plugged
Plugged
Plugged
Plugged
Plugged
Plugged
Plugged
Plugged
Plugged
Plugged
Plugged
Plugged
Plugged
Plugged
Plugged
Plugged
Plugged
Plugged
Plugged
Plugged
Plugged
[2026-07-02 16:30:50.568] [info] Hyprland config reloaded, reinitializing hyprland/workspaces module...
[2026-07-02 16:30:50.577] [info] Loading persistent workspaces from Waybar config
[2026-07-02 16:30:50.577] [info] Loading persistent workspaces from Hyprland workspace rules
[2026-07-02 16:30:50.578] [info] Hyprland config reloaded, reinitializing hyprland/workspaces module...
[2026-07-02 16:30:50.578] [info] Loading persistent workspaces from Waybar config
[2026-07-02 16:30:50.578] [info] Loading persistent workspaces from Hyprland workspace rules
[2026-07-02 16:30:50.619] [info] Reloading...
[2026-07-02 16:30:50.625] [info] Using configuration file /home/meng/.config/waybar/config
[2026-07-02 16:30:50.625] [info] Including resource file: ~/.config/waybar/modules.json
[2026-07-02 16:30:50.638] [info] Using CSS file /home/meng/.config/waybar/style.css
[2026-07-02 16:30:50.644] [info] Loading persistent workspaces from Waybar config
[2026-07-02 16:30:50.644] [info] Loading persistent workspaces from Hyprland workspace rules
Plugged
[2026-07-02 16:30:50.780] [info] Bar configured (width: 1920, height: 38) for output: eDP-1
[2026-07-02 16:30:50.780] [error] Item '': No icon name or pixmap given.
[2026-07-02 16:30:50.803] [error] Item '': No icon name or pixmap given.
[2026-07-02 16:30:50.803] [error] Item '': No icon name or pixmap given.

** (waybar:10877): WARNING **: 16:30:50.812: Status Notifier Item with bus name ':1.36' and object path '/org/ayatana/NotificationItem/nm_applet' is already registered

** (waybar:10877): WARNING **: 16:30:51.073: Status Notifier Item with bus name ':1.36' and object path '/org/ayatana/NotificationItem/nm_applet' is already registered

** (waybar:10877): WARNING **: 16:30:51.578: Status Notifier Item with bus name ':1.36' and object path '/org/ayatana/NotificationItem/nm_applet' is already registered
[2026-07-02 17:21:38.701] [info] Using configuration file /home/meng/.config/waybar/config
[2026-07-02 17:21:38.701] [info] Including resource file: ~/.config/waybar/modules.json
[2026-07-02 17:21:38.704] [info] Discovered appearance 'dark'
[2026-07-02 17:21:38.712] [info] Using CSS file /home/meng/.config/waybar/style.css
[2026-07-02 17:21:38.717] [info] Hyprland IPC starting
[2026-07-02 17:21:38.717] [info] Loading persistent workspaces from Waybar config
[2026-07-02 17:21:38.717] [info] Loading persistent workspaces from Hyprland workspace rules

** (waybar:27258): WARNING **: 17:21:38.869: Status Notifier Item with bus name ':1.36' and object path '/org/ayatana/NotificationItem/nm_applet' is already registered
Plugged
[2026-07-02 17:21:38.935] [info] Bar configured (width: 1920, height: 38) for output: eDP-1

** (waybar:27258): WARNING **: 17:21:39.073: Status Notifier Item with bus name ':1.36' and object path '/org/ayatana/NotificationItem/nm_applet' is already registered

** (waybar:27258): WARNING **: 17:21:40.557: Status Notifier Item with bus name ':1.36' and object path '/org/ayatana/NotificationItem/nm_applet' is already registered
Plugged
Plugged
Plugged
Plugged
Plugged
Plugged
Plugged
Plugged
Plugged
Plugged
Plugged
Plugged
Plugged
Plugged
Plugged
Plugged
Plugged
Plugged
Plugged
Plugged
Plugged
Plugged
Plugged
Plugged
Plugged
Plugged
Plugged
Plugged
Plugged
Plugged
Plugged
Plugged
Plugged
Plugged
Plugged
Plugged
Plugged
Plugged
Plugged
Plugged
Plugged
Plugged
Plugged
Plugged
Plugged
Plugged
Plugged
Plugged
Plugged
Plugged
Plugged
Plugged
Plugged
Plugged
Plugged
Plugged
Plugged
Plugged
Plugged
Plugged
Plugged
Plugged
Plugged
Plugged
Plugged
Plugged
Plugged
Plugged
Plugged
Plugged
Plugged
Plugged
Plugged
Plugged
Plugged
Plugged
Plugged
Plugged
Plugged
Plugged
Plugged
Plugged
Plugged
Plugged
Plugged
Plugged
Plugged
Plugged
Plugged
Plugged
Plugged
Plugged
Plugged
Plugged
Plugged
Plugged
Plugged
Plugged
Plugged
Plugged
Plugged
Plugged
Plugged
Plugged
Plugged
Plugged
Plugged
Plugged
Plugged
Plugged
Plugged
Plugged
Plugged
Plugged
Plugged
Plugged
Plugged
Plugged
Plugged
Plugged
Plugged
Plugged
Plugged
Plugged
Plugged
Plugged
Plugged
Plugged
Plugged
Plugged
Plugged
Plugged
Plugged
Plugged
Plugged
Plugged
Plugged
Plugged
Plugged
Plugged
Plugged
Plugged
Plugged
Plugged
Plugged
Plugged
Plugged
Plugged
Plugged
Plugged
Plugged
Plugged
Plugged
Plugged
Plugged
Plugged
Plugged
Plugged
Plugged
Plugged
Plugged
Plugged
Plugged
Plugged
Plugged
Plugged
Plugged
Plugged
Plugged
Plugged
Plugged
Plugged
Plugged
Plugged
Plugged
Plugged
Plugged
Plugged
Plugged
Plugged
Plugged
Plugged
Plugged
Plugged
Plugged
Plugged
Plugged
Plugged
Plugged
Plugged
Plugged
Plugged
Plugged
Plugged
Plugged
Plugged
Plugged
Plugged
Plugged
Plugged
Plugged
Plugged
Plugged
Plugged
Plugged
Plugged
Plugged
Plugged
Plugged
Plugged
Plugged
Plugged
Plugged
Plugged
Plugged
Plugged
Plugged
Plugged
Plugged
Plugged
Plugged
Plugged
Plugged
Plugged
Plugged
Plugged
Plugged
Plugged
Plugged
Plugged
Plugged
Plugged
Plugged
Plugged
Plugged
Plugged
Plugged
Plugged
Plugged
Plugged
Plugged
Plugged
Plugged
Plugged
Plugged
Plugged
Plugged
Plugged
Plugged
Plugged
Plugged
Plugged
Plugged
Plugged
Plugged
Plugged
Plugged
Plugged
Plugged
Plugged
Plugged
Plugged
Plugged
Plugged
Plugged
Plugged
Plugged
Plugged
Plugged
Plugged
Plugged
Plugged
Plugged
Plugged
Plugged
Plugged
Plugged
Plugged
Plugged
Plugged
Plugged
Plugged
Plugged
Plugged
Plugged
Plugged
Plugged
Plugged
Plugged
Plugged
Plugged
Plugged
Plugged
Plugged
Plugged
Plugged
Plugged
Plugged
Plugged
Plugged
Plugged
Plugged
Plugged
Plugged
Plugged
Plugged
Plugged
Plugged
Plugged
Plugged
Plugged
Plugged
Plugged
Plugged
Plugged
Plugged
Plugged
Plugged
Plugged
Plugged
Plugged
Plugged
Plugged
Plugged
Plugged
Plugged
Plugged
Plugged
Plugged
Plugged
Plugged
Plugged
Plugged
Plugged
Plugged
Plugged
Plugged
Plugged
Plugged
Plugged
Plugged
Plugged
Plugged
Plugged
Plugged
Plugged
Plugged
Plugged
Plugged
Plugged
Plugged
Plugged
Plugged
Plugged
Plugged
Plugged
Plugged
Plugged
Plugged
Plugged
Plugged
Plugged
Plugged
Plugged
Plugged
Plugged
Plugged
Plugged
Plugged
Plugged
Plugged
Plugged
Plugged
Plugged
Plugged
Plugged
Plugged
Plugged
Plugged
Plugged
Plugged
Plugged
Plugged
Plugged
Plugged
Plugged
Plugged
Plugged
Plugged
Plugged
Plugged
Plugged
Plugged
[2026-07-02 17:28:12.445] [info] Hyprland config reloaded, reinitializing hyprland/workspaces module...
[2026-07-02 17:28:12.447] [info] Loading persistent workspaces from Waybar config
[2026-07-02 17:28:12.447] [info] Loading persistent workspaces from Hyprland workspace rules
